{"uuid":"0278501c-2cee-47c3-a4d0-cd1cef0ad86a","historyId":"631851c21e851937997a67f586ec9ea1","fullName":"GetOneNewsTest.GetOneNegativeNotValidURLNews","labels":[{"name":"package","value":"GetOneNewsTest"},{"name":"testClass","value":"GetOneNewsTest"},{"name":"testMethod","value":"GetOneNegativeNotValidURLNews"},{"name":"parentSuite","value":"Default Suite"},{"name":"suite","value":"ntcn"},{"name":"subSuite","value":"GetOneNewsTest"},{"name":"host","value":"Mac-mini-Belikova.local"},{"name":"thread","value":"4176@Mac-mini-Belikova.local.main(1)"},{"name":"framework","value":"testng"},{"name":"language","value":"java"},{"name":"epic","value":"GET /v1/news/find"},{"name":"feature","value":"Negative test"}],"links":[],"name":"GetOneNegativeNotValidURLNews","status":"failed","statusDetails":{"known":false,"muted":false,"flaky":false,"message":"\nThe following assertion failed:\n1) \nExpecting:\n <404>\nto be equal to:\n <200>\nbut was not.\nat GetOneNewsTest.GetOneNegativeNotValidURLNews(GetOneNewsTest.java:44)\n","trace":"org.assertj.core.api.SoftAssertionError: \nThe following assertion failed:\n1) \nExpecting:\n <404>\nto be equal to:\n <200>\nbut was not.\nat GetOneNewsTest.GetOneNegativeNotValidURLNews(GetOneNewsTest.java:44)\n\n\tat org.assertj.core.error.AssertionErrorCreator.multipleSoftAssertionsError(AssertionErrorCreator.java:75)\n\tat org.assertj.core.api.AbstractSoftAssertions.assertAll(AbstractSoftAssertions.java:38)\n\tat org.assertj.core.api.AbstractSoftAssertions.assertAll(AbstractSoftAssertions.java:43)\n\tat GetOneNewsTest.GetOneNegativeNotValidURLNews(GetOneNewsTest.java:46)\n\tat java.base/jdk.internal.reflect.DirectMethodHandleAccessor.invoke(DirectMethodHandleAccessor.java:104)\n\tat java.base/java.lang.reflect.Method.invoke(Method.java:577)\n\tat org.testng.internal.MethodInvocationHelper.invokeMethod(MethodInvocationHelper.java:134)\n\tat org.testng.internal.TestInvoker.invokeMethod(TestInvoker.java:597)\n\tat org.testng.internal.TestInvoker.invokeTestMethod(TestInvoker.java:173)\n\tat org.testng.internal.MethodRunner.runInSequence(MethodRunner.java:46)\n\tat org.testng.internal.TestInvoker$MethodInvocationAgent.invoke(TestInvoker.java:816)\n\tat org.testng.internal.TestInvoker.invokeTestMethods(TestInvoker.java:146)\n\tat org.testng.internal.TestMethodWorker.invokeTestMethods(TestMethodWorker.java:146)\n\tat org.testng.internal.TestMethodWorker.run(TestMethodWorker.java:128)\n\tat java.base/java.util.ArrayList.forEach(ArrayList.java:1511)\n\tat org.testng.TestRunner.privateRun(TestRunner.java:766)\n\tat org.testng.TestRunner.run(TestRunner.java:587)\n\tat org.testng.SuiteRunner.runTest(SuiteRunner.java:384)\n\tat org.testng.SuiteRunner.runSequentially(SuiteRunner.java:378)\n\tat org.testng.SuiteRunner.privateRun(SuiteRunner.java:337)\n\tat org.testng.SuiteRunner.run(SuiteRunner.java:286)\n\tat org.testng.SuiteRunnerWorker.runSuite(SuiteRunnerWorker.java:53)\n\tat org.testng.SuiteRunnerWorker.run(SuiteRunnerWorker.java:96)\n\tat org.testng.TestNG.runSuitesSequentially(TestNG.java:1187)\n\tat org.testng.TestNG.runSuitesLocally(TestNG.java:1109)\n\tat org.testng.TestNG.runSuites(TestNG.java:1039)\n\tat org.testng.TestNG.run(TestNG.java:1007)\n\tat com.intellij.rt.testng.IDEARemoteTestNG.run(IDEARemoteTestNG.java:66)\n\tat com.intellij.rt.testng.RemoteTestNGStarter.main(RemoteTestNGStarter.java:109)\n"},"stage":"finished","steps":[],"attachments":[],"parameters":[],"start":1656328964219,"stop":1656328966608}