{"uuid":"5cd7bca9-53b3-43cc-bcba-e4e51cc63551","historyId":"85d178581a583d8bcc413c23abb3d377","fullName":"PutUserInformationTest.unCorrectReplaceUserTest","labels":[{"name":"package","value":"PutUserInformationTest"},{"name":"testClass","value":"PutUserInformationTest"},{"name":"testMethod","value":"unCorrectReplaceUserTest"},{"name":"parentSuite","value":"Command line suite"},{"name":"suite","value":"Command line test"},{"name":"subSuite","value":"PutUserInformationTest"},{"name":"host","value":"Mac-mini-Belikova.local"},{"name":"thread","value":"3675@Mac-mini-Belikova.local.main(1)"},{"name":"framework","value":"testng"},{"name":"language","value":"java"},{"name":"story","value":"NotValid ReplaceUser."}],"links":[],"name":"unCorrectReplaceUserTest","status":"failed","statusDetails":{"known":false,"muted":false,"flaky":false,"message":"\nThe following 2 assertions failed:\n1) \nExpecting:\n <401>\nto be equal to:\n <200>\nbut was not.\nat PutUserInformationTest.unCorrectReplaceUserTest(PutUserInformationTest.java:100)\n2) \nExpecting:\n <7>\nto be equal to:\n <1>\nbut was not.\nat PutUserInformationTest.unCorrectReplaceUserTest(PutUserInformationTest.java:102)\n","trace":"org.assertj.core.api.SoftAssertionError: \nThe following 2 assertions failed:\n1) \nExpecting:\n <401>\nto be equal to:\n <200>\nbut was not.\nat PutUserInformationTest.unCorrectReplaceUserTest(PutUserInformationTest.java:100)\n2) \nExpecting:\n <7>\nto be equal to:\n <1>\nbut was not.\nat PutUserInformationTest.unCorrectReplaceUserTest(PutUserInformationTest.java:102)\n\n\tat org.assertj.core.error.AssertionErrorCreator.multipleSoftAssertionsError(AssertionErrorCreator.java:75)\n\tat org.assertj.core.api.AbstractSoftAssertions.assertAll(AbstractSoftAssertions.java:38)\n\tat org.assertj.core.api.AbstractSoftAssertions.assertAll(AbstractSoftAssertions.java:43)\n\tat PutUserInformationTest.unCorrectReplaceUserTest(PutUserInformationTest.java:105)\n\tat java.base/jdk.internal.reflect.DirectMethodHandleAccessor.invoke(DirectMethodHandleAccessor.java:104)\n\tat java.base/java.lang.reflect.Method.invoke(Method.java:577)\n\tat org.testng.internal.MethodInvocationHelper.invokeMethod(MethodInvocationHelper.java:134)\n\tat org.testng.internal.TestInvoker.invokeMethod(TestInvoker.java:597)\n\tat org.testng.internal.TestInvoker.invokeTestMethod(TestInvoker.java:173)\n\tat org.testng.internal.MethodRunner.runInSequence(MethodRunner.java:46)\n\tat org.testng.internal.TestInvoker$MethodInvocationAgent.invoke(TestInvoker.java:816)\n\tat org.testng.internal.TestInvoker.invokeTestMethods(TestInvoker.java:146)\n\tat org.testng.internal.TestMethodWorker.invokeTestMethods(TestMethodWorker.java:146)\n\tat org.testng.internal.TestMethodWorker.run(TestMethodWorker.java:128)\n\tat java.base/java.util.ArrayList.forEach(ArrayList.java:1511)\n\tat org.testng.TestRunner.privateRun(TestRunner.java:766)\n\tat org.testng.TestRunner.run(TestRunner.java:587)\n\tat org.testng.SuiteRunner.runTest(SuiteRunner.java:384)\n\tat org.testng.SuiteRunner.runSequentially(SuiteRunner.java:378)\n\tat org.testng.SuiteRunner.privateRun(SuiteRunner.java:337)\n\tat org.testng.SuiteRunner.run(SuiteRunner.java:286)\n\tat org.testng.SuiteRunnerWorker.runSuite(SuiteRunnerWorker.java:53)\n\tat org.testng.SuiteRunnerWorker.run(SuiteRunnerWorker.java:96)\n\tat org.testng.TestNG.runSuitesSequentially(TestNG.java:1187)\n\tat org.testng.TestNG.runSuitesLocally(TestNG.java:1109)\n\tat org.testng.TestNG.runSuites(TestNG.java:1039)\n\tat org.testng.TestNG.run(TestNG.java:1007)\n\tat org.apache.maven.surefire.testng.TestNGExecutor.run(TestNGExecutor.java:77)\n\tat org.apache.maven.surefire.testng.TestNGDirectoryTestSuite.executeMulti(TestNGDirectoryTestSuite.java:159)\n\tat org.apache.maven.surefire.testng.TestNGDirectoryTestSuite.execute(TestNGDirectoryTestSuite.java:99)\n\tat org.apache.maven.surefire.testng.TestNGProvider.invoke(TestNGProvider.java:106)\n\tat java.base/jdk.internal.reflect.DirectMethodHandleAccessor.invoke(DirectMethodHandleAccessor.java:104)\n\tat java.base/java.lang.reflect.Method.invoke(Method.java:577)\n\tat org.apache.maven.surefire.util.ReflectionUtils.invokeMethodWithArray(ReflectionUtils.java:189)\n\tat org.apache.maven.surefire.booter.ProviderFactory$ProviderProxy.invoke(ProviderFactory.java:165)\n\tat org.apache.maven.surefire.booter.ProviderFactory.invokeProvider(ProviderFactory.java:85)\n\tat org.apache.maven.surefire.booter.ForkedBooter.runSuitesInProcess(ForkedBooter.java:115)\n\tat org.apache.maven.surefire.booter.ForkedBooter.main(ForkedBooter.java:75)\n"},"stage":"finished","description":"ReplaceUser","steps":[],"attachments":[],"parameters":[],"start":1656327115089,"stop":1656327115281}